
> clipboard-signaling-server@0.1.0 start
> node src/index.js

Signaling server listening on ws://localhost:8787
connection
recv register 98b117a5-764d-4127-bbb0-2480e99e5def
registered 98b117a5-764d-4127-bbb0-2480e99e5def
recv request_presence 98b117a5-764d-4127-bbb0-2480e99e5def
connection
recv register 98b117a5-764d-4127-bbb0-2480e99e5def
registered 98b117a5-764d-4127-bbb0-2480e99e5def
recv request_presence 98b117a5-764d-4127-bbb0-2480e99e5def
recv request_pair_token 98b117a5-764d-4127-bbb0-2480e99e5def
send pair_token 98b117a5-764d-4127-bbb0-2480e99e5def
recv heartbeat 98b117a5-764d-4127-bbb0-2480e99e5def
connection
recv register 98b117a5-764d-4127-bbb0-2480e99e5def
registered 98b117a5-764d-4127-bbb0-2480e99e5def
recv request_presence 98b117a5-764d-4127-bbb0-2480e99e5def
recv request_pair_token 98b117a5-764d-4127-bbb0-2480e99e5def
send pair_token 98b117a5-764d-4127-bbb0-2480e99e5def
recv heartbeat 98b117a5-764d-4127-bbb0-2480e99e5def
recv heartbeat 98b117a5-764d-4127-bbb0-2480e99e5def
recv heartbeat 98b117a5-764d-4127-bbb0-2480e99e5def
recv heartbeat 98b117a5-764d-4127-bbb0-2480e99e5def
recv heartbeat 98b117a5-764d-4127-bbb0-2480e99e5def
recv heartbeat 98b117a5-764d-4127-bbb0-2480e99e5def
recv heartbeat 98b117a5-764d-4127-bbb0-2480e99e5def
recv heartbeat 98b117a5-764d-4127-bbb0-2480e99e5def
recv heartbeat 98b117a5-764d-4127-bbb0-2480e99e5def
recv heartbeat 98b117a5-764d-4127-bbb0-2480e99e5def
connection
recv register 98b117a5-764d-4127-bbb0-2480e99e5def
registered 98b117a5-764d-4127-bbb0-2480e99e5def
recv request_presence 98b117a5-764d-4127-bbb0-2480e99e5def
recv request_pair_token 98b117a5-764d-4127-bbb0-2480e99e5def
send pair_token 98b117a5-764d-4127-bbb0-2480e99e5def
recv heartbeat 98b117a5-764d-4127-bbb0-2480e99e5def
recv heartbeat 98b117a5-764d-4127-bbb0-2480e99e5def
recv heartbeat 98b117a5-764d-4127-bbb0-2480e99e5def
recv heartbeat 98b117a5-764d-4127-bbb0-2480e99e5def
recv heartbeat 98b117a5-764d-4127-bbb0-2480e99e5def
recv heartbeat 98b117a5-764d-4127-bbb0-2480e99e5def
recv heartbeat 98b117a5-764d-4127-bbb0-2480e99e5def
recv heartbeat 98b117a5-764d-4127-bbb0-2480e99e5def
recv heartbeat 98b117a5-764d-4127-bbb0-2480e99e5def
recv heartbeat 98b117a5-764d-4127-bbb0-2480e99e5def
recv heartbeat 98b117a5-764d-4127-bbb0-2480e99e5def
recv heartbeat 98b117a5-764d-4127-bbb0-2480e99e5def
recv heartbeat 98b117a5-764d-4127-bbb0-2480e99e5def
recv heartbeat 98b117a5-764d-4127-bbb0-2480e99e5def
